Тест: без ошибок 

----------- ПРОТОКОЛ -----------
 ----------- 11.11.21 17:56:51 -----------
 
 ----------- ПАРАМЕТРЫ ----------- 

-in: E:\code\univ\ProgLanguages\LP_Lab14\LP_Lab14\in.txt
-out: E:\code\univ\ProgLanguages\LP_Lab14\LP_Lab14\in.txt.out
-log: E:\code\univ\ProgLanguages\LP_Lab14\LP_Lab14\in.txt.log

----------- ИСХОДНЫЕ ДАННЫЕ -----------
integer function fi(integer x, integer y)
{
declare integer z;
z= x*(x+y);
return z;
};
string function fs (string a, string b)
{
string c                 ; 
declare string function substr(string a, integer p,
 integer n);
c = substr(a, 1,3)+ substr(a, 1,3) +  b +  substr(a, 1,3);
return c;
};
main
{
declare integer x;
declare integer y;
declare integer z;
declare string sa;
declare string sb;
declare string sc;
declare integer function strlen(string p);
x = 1;
y = 5;
sa = '1234567890';
sb = '1234567890';
print 'РєРѕРЅС‚СЂРѕР»СЊРЅС‹Р№ РїСЂРёРјРµСЂ';
z = fi(x,y);
sc = fs(sa,sb);
print z;
print sc;
return 0;
};

Всего символов: 616
Всего строк: 34
Пропущено: 0
