d:\repos\proglanguages2_1\lp_lab_15\lp_lab_15\debug\vc142.pdb
d:\repos\proglanguages2_1\lp_lab_15\lp_lab_15\debug\vc142.idb
d:\repos\proglanguages2_1\lp_lab_15\lp_lab_15\debug\tokenanalisys.obj
d:\repos\proglanguages2_1\lp_lab_15\lp_lab_15\debug\pn.obj
d:\repos\proglanguages2_1\lp_lab_15\lp_lab_15\debug\lt.obj
d:\repos\proglanguages2_1\lp_lab_15\lp_lab_15\debug\lp_lab_15.obj
d:\repos\proglanguages2_1\lp_lab_15\lp_lab_15\debug\parm.obj
d:\repos\proglanguages2_1\lp_lab_15\lp_lab_15\debug\log.obj
d:\repos\proglanguages2_1\lp_lab_15\lp_lab_15\debug\in.obj
d:\repos\proglanguages2_1\lp_lab_15\lp_lab_15\debug\it.obj
d:\repos\proglanguages2_1\lp_lab_15\lp_lab_15\debug\fst.obj
d:\repos\proglanguages2_1\lp_lab_15\lp_lab_15\debug\error.obj
d:\repos\proglanguages2_1\lp_lab_15\debug\lp_lab_15.ilk
d:\repos\proglanguages2_1\lp_lab_15\debug\lp_lab_15.exe
d:\repos\proglanguages2_1\lp_lab_15\debug\lp_lab_15.pdb
d:\repos\proglanguages2_1\lp_lab_15\lp_lab_15\debug\lp_lab_15.tlog\cl.command.1.tlog
d:\repos\proglanguages2_1\lp_lab_15\lp_lab_15\debug\lp_lab_15.tlog\cl.read.1.tlog
d:\repos\proglanguages2_1\lp_lab_15\lp_lab_15\debug\lp_lab_15.tlog\cl.write.1.tlog
d:\repos\proglanguages2_1\lp_lab_15\lp_lab_15\debug\lp_lab_15.tlog\link.command.1.tlog
d:\repos\proglanguages2_1\lp_lab_15\lp_lab_15\debug\lp_lab_15.tlog\link.read.1.tlog
d:\repos\proglanguages2_1\lp_lab_15\lp_lab_15\debug\lp_lab_15.tlog\link.write.1.tlog
