Тест: без ошибок 

----------- ПРОТОКОЛ -----------
 ----------- 17.12.21 13:11:42 -----------
 
 ----------- ПАРАМЕТРЫ ----------- 

-in: D:\repos\ProgLanguages2_1\LP_Lab_15\LP_Lab_15\in.txt
-out: D:\repos\ProgLanguages2_1\LP_Lab_15\LP_Lab_15\in.txt.out
-log: D:\repos\ProgLanguages2_1\LP_Lab_15\LP_Lab_15\in.txt.log

----------- ИСХОДНЫЕ ДАННЫЕ -----------
int function fi(int x, int y)
{
int z;
z= x*(x+y);
return z; 
}; 
string function fs (string a, string b)
{
string c;
string function substr(string a, int p,
 int n);
c = substr(a, 1,3)+ b;
b = (a+3 - 2*b)*2;
return c; 
}; 
main
{
int x;
int y;
int z;
string sa;
string sb;
string sc;
int strlen(string p);
x = 1;
y = 5;
sa = "1234567890";
sb = "1234567890"; 
z = fi(x,y);
sc = fs(sa,sb);
out z;
out sc;
out strlen(sc);
return 0;
};

Всего символов: 432
Всего строк: 35
Пропущено: 0
------ПОЛЬСКАЯ НОТАЦИЯ------
Выражений обработано успешно: 15
