Сборка начата 11.11.2021 17:22:16.
Уровень детализации журнала: Normal.     1>Проект "D:\repos\ProgLanguages2_1\LP_Lab14\LP_Lab14\LP_Lab14.vcxproj" в узле 2 (целевые объекты Build).
     1>InitializeBuildStatus:
         Обращение к "Debug\LP_Lab14.tlog\unsuccessfulbuild".
       ClCompile:
         E:\soft\cash\VC\Tools\MSVC\14.28.29333\bin\HostX86\x86\CL.exe /c /ZI /JMC /nologo /W3 /WX- /diagnostics:column /sdl /Od /Oy- /D WIN32 /D _DEBUG /D _CONSOLE /D _UNICODE /D UNICODE /Gm- /EHsc /RTC1 /MDd /GS /fp:precise /permissive- /Zc:wchar_t /Zc:forScope /Zc:inline /Fo"Debug\\" /Fd"Debug\vc142.pdb" /Gd /TP /analyze- /FC /errorReport:prompt IT.cpp
         IT.cpp
     1>D:\repos\ProgLanguages2_1\LP_Lab14\LP_Lab14\IT.cpp(143): warning C4715: IT::IdentTable::GetEntry: значение возвращается не при всех путях выполнения
       Link:
         E:\soft\cash\VC\Tools\MSVC\14.28.29333\bin\HostX86\x86\link.exe /ERRORREPORT:PROMPT /OUT:"D:\repos\ProgLanguages2_1\LP_Lab14\Debug\LP_Lab14.exe" /INCREMENTAL /NOLOGO kernel32.lib user32.lib gdi32.lib winspool.lib comdlg32.lib advapi32.lib shell32.lib ole32.lib oleaut32.lib uuid.lib odbc32.lib odbccp32.lib /MANIFEST /MANIFESTUAC:"level='asInvoker' uiAccess='false'" /manifest:embed /DEBUG:FASTLINK /PDB:"D:\repos\ProgLanguages2_1\LP_Lab14\Debug\LP_Lab14.pdb" /SUBSYSTEM:CONSOLE /TLBID:1 /DYNAMICBASE /NXCOMPAT /IMPLIB:"D:\repos\ProgLanguages2_1\LP_Lab14\Debug\LP_Lab14.lib" /MACHINE:X86 Debug\Error.obj
         Debug\FST.obj
         Debug\In.obj
         Debug\IT.obj
         Debug\Log.obj
         Debug\LP_Lab14.obj
         Debug\LT.obj
         Debug\Parm.obj
         Debug\tokenAnalisys.obj
         LP_Lab14.vcxproj -> D:\repos\ProgLanguages2_1\LP_Lab14\Debug\LP_Lab14.exe
       FinalizeBuildStatus:
         Файл "Debug\LP_Lab14.tlog\unsuccessfulbuild" удаляется.
         Обращение к "Debug\LP_Lab14.tlog\LP_Lab14.lastbuildstate".
     1>Сборка проекта "D:\repos\ProgLanguages2_1\LP_Lab14\LP_Lab14\LP_Lab14.vcxproj" завершена (целевые объекты Build).

Сборка успешно завершена.

       "D:\repos\ProgLanguages2_1\LP_Lab14\LP_Lab14\LP_Lab14.vcxproj" (целевой объект Build ) (1) ->
       (Целевой объект ClCompile) -> 
         D:\repos\ProgLanguages2_1\LP_Lab14\LP_Lab14\IT.cpp(143): warning C4715: IT::IdentTable::GetEntry: значение возвращается не при всех путях выполнения

    Предупреждений: 1
    Ошибок: 0

Прошло времени 00:00:01.77
